app/build/intermediates/manifest_merge_blame_file/debug/manifest-merger-blame-debug-report.txt
1<?xml version="1.0" encoding="utf-8"?>
2<manifest xmlns:android="http://schemas.android.com/apk/res/android"
3    package="com.example.bookcave"
4    android:versionCode="1"
5    android:versionName="1.0" >
6
7    <uses-sdk
8        android:minSdkVersion="21"
8-->src\main\AndroidManifest.xml
9        android:targetSdkVersion="33" />
9-->src\main\AndroidManifest.xml
10
11    <uses-permission android:name="android.permission.INTERNET" />
11-->src\main\AndroidManifest.xml:6:5-67
11-->src\main\AndroidManifest.xml:6:22-64
12    <uses-permission android:name="android.permission.ACCESS_NETWORK_STATE" />
12-->src\main\AndroidManifest.xml:7:5-79
12-->src\main\AndroidManifest.xml:7:22-76
13    <uses-permission android:name="android.permission.WAKE_LOCK" />
13-->[com.google.android.gms:play-services-measurement-api:18.0.3] AndroidManifest.xml:24:5-68
13-->[com.google.android.gms:play-services-measurement-api:18.0.3] AndroidManifest.xml:24:22-65
14    <uses-permission android:name="com.google.android.finsky.permission.BIND_GET_INSTALL_REFERRER_SERVICE" />
14-->[com.google.android.gms:play-services-measurement:18.0.3] AndroidManifest.xml:26:5-110
14-->[com.google.android.gms:play-services-measurement:18.0.3] AndroidManifest.xml:26:22-107
15
16    <application
16-->src\main\AndroidManifest.xml:9:5-80:19
17        android:allowBackup="true"
17-->src\main\AndroidManifest.xml:10:9-35
18        android:appComponentFactory="androidx.core.app.CoreComponentFactory"
18-->[androidx.core:core:1.3.1] AndroidManifest.xml:24:18-86
19        android:debuggable="true"
19-->src\main\AndroidManifest.xml:11:9-34
20        android:icon="@mipmap/bookcavelogo"
20-->src\main\AndroidManifest.xml:12:9-44
21        android:label="@string/app_name"
21-->src\main\AndroidManifest.xml:13:9-41
22        android:roundIcon="@mipmap/bookcavelogo_round"
22-->src\main\AndroidManifest.xml:14:9-55
23        android:supportsRtl="true"
23-->src\main\AndroidManifest.xml:15:9-35
24        android:testOnly="true"
25        android:theme="@style/AppTheme"
25-->src\main\AndroidManifest.xml:16:9-40
26        android:usesCleartextTraffic="true" >
26-->src\main\AndroidManifest.xml:17:9-44
27        <activity
27-->src\main\AndroidManifest.xml:20:9-21:49
28            android:name="com.example.bookcave.RentBook"
28-->src\main\AndroidManifest.xml:21:13-37
29            android:exported="true" />
29-->src\main\AndroidManifest.xml:20:19-42
30        <activity
30-->src\main\AndroidManifest.xml:22:9-23:73
31            android:name="com.example.bookcave.ViewOrderCustomer"
31-->src\main\AndroidManifest.xml:23:37-70
32            android:exported="true" />
32-->src\main\AndroidManifest.xml:23:13-36
33        <activity
33-->src\main\AndroidManifest.xml:24:9-25:67
34            android:name="com.example.bookcave.UpdateOrder"
34-->src\main\AndroidManifest.xml:25:37-64
35            android:exported="true" />
35-->src\main\AndroidManifest.xml:25:13-36
36        <activity
36-->src\main\AndroidManifest.xml:26:9-27:62
37            android:name="com.example.bookcave.Placed"
37-->src\main\AndroidManifest.xml:27:37-59
38            android:exported="true" />
38-->src\main\AndroidManifest.xml:27:13-36
39        <activity
39-->src\main\AndroidManifest.xml:28:9-29:69
40            android:name="com.example.bookcave.ChangeAddress"
40-->src\main\AndroidManifest.xml:29:37-66
41            android:exported="true" />
41-->src\main\AndroidManifest.xml:29:13-36
42        <activity
42-->src\main\AndroidManifest.xml:30:9-31:63
43            android:name="com.example.bookcave.BuyBook"
43-->src\main\AndroidManifest.xml:31:37-60
44            android:exported="true" />
44-->src\main\AndroidManifest.xml:31:13-36
45        <activity
45-->src\main\AndroidManifest.xml:32:9-33:69
46            android:name="com.example.bookcave.BookInfoOrder"
46-->src\main\AndroidManifest.xml:33:37-66
47            android:exported="true" />
47-->src\main\AndroidManifest.xml:33:13-36
48        <activity
48-->src\main\AndroidManifest.xml:34:9-35:64
49            android:name="com.example.bookcave.BookInfo"
49-->src\main\AndroidManifest.xml:35:37-61
50            android:exported="true" />
50-->src\main\AndroidManifest.xml:35:13-36
51        <activity
51-->src\main\AndroidManifest.xml:36:9-37:74
52            android:name="com.example.bookcave.extras.PreviewBook"
52-->src\main\AndroidManifest.xml:37:37-71
53            android:exported="true" />
53-->src\main\AndroidManifest.xml:37:13-36
54        <activity
54-->src\main\AndroidManifest.xml:38:9-39:63
55            android:name="com.example.bookcave.AddBook"
55-->src\main\AndroidManifest.xml:39:37-60
56            android:exported="true" />
56-->src\main\AndroidManifest.xml:39:13-36
57        <activity
57-->src\main\AndroidManifest.xml:40:9-41:72
58            android:name="com.example.bookcave.profile.AboutApp"
58-->src\main\AndroidManifest.xml:41:37-69
59            android:exported="true" />
59-->src\main\AndroidManifest.xml:41:13-36
60        <activity
60-->src\main\AndroidManifest.xml:42:9-46:59
61            android:name="com.example.bookcave.HomeSeller"
61-->src\main\AndroidManifest.xml:44:13-39
62            android:exported="true"
62-->src\main\AndroidManifest.xml:43:13-36
63            android:label="@string/title_activity_home_seller"
63-->src\main\AndroidManifest.xml:45:13-63
64            android:theme="@style/AppTheme.NoActionBar" />
64-->src\main\AndroidManifest.xml:46:13-56
65        <activity
65-->src\main\AndroidManifest.xml:47:9-48:80
66            android:name="com.example.bookcave.profile.ContactDeveloper"
66-->src\main\AndroidManifest.xml:48:37-77
67            android:exported="true" />
67-->src\main\AndroidManifest.xml:48:13-36
68        <activity
68-->src\main\AndroidManifest.xml:49:9-50:79
69            android:name="com.example.bookcave.profile.PaymentHistoryC"
69-->src\main\AndroidManifest.xml:50:37-76
70            android:exported="true" />
70-->src\main\AndroidManifest.xml:50:13-36
71        <activity
71-->src\main\AndroidManifest.xml:51:9-52:77
72            android:name="com.example.bookcave.profile.OrderHistoryC"
72-->src\main\AndroidManifest.xml:52:37-74
73            android:exported="true" />
73-->src\main\AndroidManifest.xml:52:13-36
74        <activity
74-->src\main\AndroidManifest.xml:53:9-54:74
75            android:name="com.example.bookcave.profile.Favourites"
75-->src\main\AndroidManifest.xml:54:37-71
76            android:exported="true" />
76-->src\main\AndroidManifest.xml:54:13-36
77        <activity
77-->src\main\AndroidManifest.xml:55:9-56:79
78            android:name="com.example.bookcave.profile.ProfileCustomer"
78-->src\main\AndroidManifest.xml:56:37-76
79            android:exported="true" />
79-->src\main\AndroidManifest.xml:56:13-36
80        <activity
80-->src\main\AndroidManifest.xml:57:9-59:68
81            android:name="com.example.bookcave.HomeCustomer"
81-->src\main\AndroidManifest.xml:58:13-41
82            android:label="@string/title_activity_home_customer" />
82-->src\main\AndroidManifest.xml:59:13-65
83        <activity
83-->src\main\AndroidManifest.xml:60:9-61:77
84            android:name="com.example.bookcave.CreateAccountCustomer"
84-->src\main\AndroidManifest.xml:61:37-74
85            android:exported="true" />
85-->src\main\AndroidManifest.xml:61:13-36
86        <activity
86-->src\main\AndroidManifest.xml:62:9-63:74
87            android:name="com.example.bookcave.CreatAccountSeller"
87-->src\main\AndroidManifest.xml:63:37-71
88            android:exported="true" />
88-->src\main\AndroidManifest.xml:63:13-36
89        <activity
89-->src\main\AndroidManifest.xml:64:9-65:71
90            android:name="com.example.bookcave.forgot_password"
90-->src\main\AndroidManifest.xml:65:37-68
91            android:exported="true" />
91-->src\main\AndroidManifest.xml:65:13-36
92        <activity
92-->src\main\AndroidManifest.xml:66:9-67:69
93            android:name="com.example.bookcave.CustomerLogin"
93-->src\main\AndroidManifest.xml:67:37-66
94            android:exported="true" />
94-->src\main\AndroidManifest.xml:67:13-36
95        <activity
95-->src\main\AndroidManifest.xml:68:9-75:20
96            android:name="com.example.bookcave.MainActivity"
96-->src\main\AndroidManifest.xml:69:37-65
97            android:exported="true" >
97-->src\main\AndroidManifest.xml:69:13-36
98            <intent-filter>
98-->src\main\AndroidManifest.xml:70:13-74:29
99                <action android:name="android.intent.action.MAIN" />
99-->src\main\AndroidManifest.xml:71:17-69
99-->src\main\AndroidManifest.xml:71:25-66
100
101                <category android:name="android.intent.category.LAUNCHER" />
101-->src\main\AndroidManifest.xml:73:17-77
101-->src\main\AndroidManifest.xml:73:27-74
102            </intent-filter>
103        </activity>
104
105        <meta-data
105-->src\main\AndroidManifest.xml:77:9-79:57
106            android:name="preloaded_fonts"
106-->src\main\AndroidManifest.xml:78:13-43
107            android:resource="@array/preloaded_fonts" />
107-->src\main\AndroidManifest.xml:79:13-54
108
109        <activity
109-->[com.google.firebase:firebase-auth:20.0.4] AndroidManifest.xml:27:9-44:20
110            android:name="com.google.firebase.auth.internal.GenericIdpActivity"
110-->[com.google.firebase:firebase-auth:20.0.4] AndroidManifest.xml:28:13-80
111            android:excludeFromRecents="true"
111-->[com.google.firebase:firebase-auth:20.0.4] AndroidManifest.xml:29:13-46
112            android:exported="true"
112-->[com.google.firebase:firebase-auth:20.0.4] AndroidManifest.xml:30:13-36
113            android:launchMode="singleTask"
113-->[com.google.firebase:firebase-auth:20.0.4] AndroidManifest.xml:31:13-44
114            android:theme="@android:style/Theme.Translucent.NoTitleBar" >
114-->[com.google.firebase:firebase-auth:20.0.4] AndroidManifest.xml:32:13-72
115            <intent-filter>
115-->[com.google.firebase:firebase-auth:20.0.4] AndroidManifest.xml:33:13-43:29
116                <action android:name="android.intent.action.VIEW" />
116-->[com.google.firebase:firebase-auth:20.0.4] AndroidManifest.xml:34:17-69
116-->[com.google.firebase:firebase-auth:20.0.4] AndroidManifest.xml:34:25-66
117
118                <category android:name="android.intent.category.DEFAULT" />
118-->[com.google.firebase:firebase-auth:20.0.4] AndroidManifest.xml:36:17-76
118-->[com.google.firebase:firebase-auth:20.0.4] AndroidManifest.xml:36:27-73
119                <category android:name="android.intent.category.BROWSABLE" />
119-->[com.google.firebase:firebase-auth:20.0.4] AndroidManifest.xml:37:17-78
119-->[com.google.firebase:firebase-auth:20.0.4] AndroidManifest.xml:37:27-75
120
121                <data
121-->[com.google.firebase:firebase-auth:20.0.4] AndroidManifest.xml:39:17-42:51
122                    android:host="firebase.auth"
122-->[com.google.firebase:firebase-auth:20.0.4] AndroidManifest.xml:40:21-49
123                    android:path="/"
123-->[com.google.firebase:firebase-auth:20.0.4] AndroidManifest.xml:41:21-37
124                    android:scheme="genericidp" />
124-->[com.google.firebase:firebase-auth:20.0.4] AndroidManifest.xml:42:21-48
125            </intent-filter>
126        </activity>
127        <activity
127-->[com.google.firebase:firebase-auth:20.0.4] AndroidManifest.xml:45:9-62:20
128            android:name="com.google.firebase.auth.internal.RecaptchaActivity"
128-->[com.google.firebase:firebase-auth:20.0.4] AndroidManifest.xml:46:13-79
129            android:excludeFromRecents="true"
129-->[com.google.firebase:firebase-auth:20.0.4] AndroidManifest.xml:47:13-46
130            android:exported="true"
130-->[com.google.firebase:firebase-auth:20.0.4] AndroidManifest.xml:48:13-36
131            android:launchMode="singleTask"
131-->[com.google.firebase:firebase-auth:20.0.4] AndroidManifest.xml:49:13-44
132            android:theme="@android:style/Theme.Translucent.NoTitleBar" >
132-->[com.google.firebase:firebase-auth:20.0.4] AndroidManifest.xml:50:13-72
133            <intent-filter>
133-->[com.google.firebase:firebase-auth:20.0.4] AndroidManifest.xml:51:13-61:29
134                <action android:name="android.intent.action.VIEW" />
134-->[com.google.firebase:firebase-auth:20.0.4] AndroidManifest.xml:34:17-69
134-->[com.google.firebase:firebase-auth:20.0.4] AndroidManifest.xml:34:25-66
135
136                <category android:name="android.intent.category.DEFAULT" />
136-->[com.google.firebase:firebase-auth:20.0.4] AndroidManifest.xml:36:17-76
136-->[com.google.firebase:firebase-auth:20.0.4] AndroidManifest.xml:36:27-73
137                <category android:name="android.intent.category.BROWSABLE" />
137-->[com.google.firebase:firebase-auth:20.0.4] AndroidManifest.xml:37:17-78
137-->[com.google.firebase:firebase-auth:20.0.4] AndroidManifest.xml:37:27-75
138
139                <data
139-->[com.google.firebase:firebase-auth:20.0.4] AndroidManifest.xml:39:17-42:51
140                    android:host="firebase.auth"
140-->[com.google.firebase:firebase-auth:20.0.4] AndroidManifest.xml:40:21-49
141                    android:path="/"
141-->[com.google.firebase:firebase-auth:20.0.4] AndroidManifest.xml:41:21-37
142                    android:scheme="recaptcha" />
142-->[com.google.firebase:firebase-auth:20.0.4] AndroidManifest.xml:42:21-48
143            </intent-filter>
144        </activity>
145
146        <service
146-->[com.google.firebase:firebase-auth:20.0.4] AndroidManifest.xml:64:9-73:19
147            android:name="com.google.firebase.auth.api.fallback.service.FirebaseAuthFallbackService"
147-->[com.google.firebase:firebase-auth:20.0.4] AndroidManifest.xml:65:13-101
148            android:enabled="true"
148-->[com.google.firebase:firebase-auth:20.0.4] AndroidManifest.xml:66:13-35
149            android:exported="false" >
149-->[com.google.firebase:firebase-auth:20.0.4] AndroidManifest.xml:67:13-37
150            <intent-filter>
150-->[com.google.firebase:firebase-auth:20.0.4] AndroidManifest.xml:68:13-72:29
151                <action android:name="com.google.firebase.auth.api.gms.service.START" />
151-->[com.google.firebase:firebase-auth:20.0.4] AndroidManifest.xml:69:17-89
151-->[com.google.firebase:firebase-auth:20.0.4] AndroidManifest.xml:69:25-86
152
153                <category android:name="android.intent.category.DEFAULT" />
153-->[com.google.firebase:firebase-auth:20.0.4] AndroidManifest.xml:36:17-76
153-->[com.google.firebase:firebase-auth:20.0.4] AndroidManifest.xml:36:27-73
154            </intent-filter>
155        </service>
156        <service
156-->[com.google.firebase:firebase-auth:20.0.4] AndroidManifest.xml:74:9-80:19
157            android:name="com.google.firebase.components.ComponentDiscoveryService"
157-->[com.google.firebase:firebase-auth:20.0.4] AndroidManifest.xml:75:13-84
158            android:directBootAware="true"
158-->[com.google.firebase:firebase-common:19.5.0] AndroidManifest.xml:35:13-43
159            android:exported="false" >
159-->[com.google.firebase:firebase-auth:20.0.4] AndroidManifest.xml:76:13-37
160            <meta-data
160-->[com.google.firebase:firebase-auth:20.0.4] AndroidManifest.xml:77:13-79:85
161                android:name="com.google.firebase.components:com.google.firebase.auth.FirebaseAuthRegistrar"
161-->[com.google.firebase:firebase-auth:20.0.4] AndroidManifest.xml:78:17-109
162                android:value="com.google.firebase.components.ComponentRegistrar" />
162-->[com.google.firebase:firebase-auth:20.0.4] AndroidManifest.xml:79:17-82
163            <meta-data
163-->[com.google.firebase:firebase-firestore:22.1.2] AndroidManifest.xml:20:13-22:85
164                android:name="com.google.firebase.components:com.google.firebase.firestore.FirestoreRegistrar"
164-->[com.google.firebase:firebase-firestore:22.1.2] AndroidManifest.xml:21:17-111
165                android:value="com.google.firebase.components.ComponentRegistrar" />
165-->[com.google.firebase:firebase-firestore:22.1.2] AndroidManifest.xml:22:17-82
166            <meta-data
166-->[com.google.android.gms:play-services-measurement-api:18.0.3] AndroidManifest.xml:30:13-32:85
167                android:name="com.google.firebase.components:com.google.firebase.analytics.connector.internal.AnalyticsConnectorRegistrar"
167-->[com.google.android.gms:play-services-measurement-api:18.0.3] AndroidManifest.xml:31:17-139
168                android:value="com.google.firebase.components.ComponentRegistrar" />
168-->[com.google.android.gms:play-services-measurement-api:18.0.3] AndroidManifest.xml:32:17-82
169            <meta-data
169-->[com.google.firebase:firebase-installations:16.3.5] AndroidManifest.xml:18:13-20:85
170                android:name="com.google.firebase.components:com.google.firebase.installations.FirebaseInstallationsRegistrar"
170-->[com.google.firebase:firebase-installations:16.3.5] AndroidManifest.xml:19:17-127
171                android:value="com.google.firebase.components.ComponentRegistrar" />
171-->[com.google.firebase:firebase-installations:16.3.5] AndroidManifest.xml:20:17-82
172            <!--
173                This registrar is not defined in the dynamic-module-support sdk itself to allow non-firebase
174                clients to use it as well, by defining this registrar in their own core/common library.
175            -->
176            <meta-data
176-->[com.google.firebase:firebase-common:19.5.0] AndroidManifest.xml:43:13-45:85
177                android:name="com.google.firebase.components:com.google.firebase.dynamicloading.DynamicLoadingRegistrar"
177-->[com.google.firebase:firebase-common:19.5.0] AndroidManifest.xml:44:17-121
178                android:value="com.google.firebase.components.ComponentRegistrar" />
178-->[com.google.firebase:firebase-common:19.5.0] AndroidManifest.xml:45:17-82
179        </service>
180
181        <provider
181-->[com.google.firebase:firebase-common:19.5.0] AndroidManifest.xml:26:9-31:39
182            android:name="com.google.firebase.provider.FirebaseInitProvider"
182-->[com.google.firebase:firebase-common:19.5.0] AndroidManifest.xml:27:13-77
183            android:authorities="com.example.bookcave.firebaseinitprovider"
183-->[com.google.firebase:firebase-common:19.5.0] AndroidManifest.xml:28:13-72
184            android:directBootAware="true"
184-->[com.google.firebase:firebase-common:19.5.0] AndroidManifest.xml:29:13-43
185            android:exported="false"
185-->[com.google.firebase:firebase-common:19.5.0] AndroidManifest.xml:30:13-37
186            android:initOrder="100" />
186-->[com.google.firebase:firebase-common:19.5.0] AndroidManifest.xml:31:13-36
187
188        <activity
188-->[com.google.android.gms:play-services-base:17.1.0] AndroidManifest.xml:23:9-26:75
189            android:name="com.google.android.gms.common.api.GoogleApiActivity"
189-->[com.google.android.gms:play-services-base:17.1.0] AndroidManifest.xml:24:13-79
190            android:exported="false"
190-->[com.google.android.gms:play-services-base:17.1.0] AndroidManifest.xml:25:13-37
191            android:theme="@android:style/Theme.Translucent.NoTitleBar" />
191-->[com.google.android.gms:play-services-base:17.1.0] AndroidManifest.xml:26:13-72
192
193        <receiver
193-->[com.google.android.gms:play-services-measurement:18.0.3] AndroidManifest.xml:29:9-33:20
194            android:name="com.google.android.gms.measurement.AppMeasurementReceiver"
194-->[com.google.android.gms:play-services-measurement:18.0.3] AndroidManifest.xml:30:13-85
195            android:enabled="true"
195-->[com.google.android.gms:play-services-measurement:18.0.3] AndroidManifest.xml:31:13-35
196            android:exported="false" >
196-->[com.google.android.gms:play-services-measurement:18.0.3] AndroidManifest.xml:32:13-37
197        </receiver>
198
199        <service
199-->[com.google.android.gms:play-services-measurement:18.0.3] AndroidManifest.xml:35:9-38:40
200            android:name="com.google.android.gms.measurement.AppMeasurementService"
200-->[com.google.android.gms:play-services-measurement:18.0.3] AndroidManifest.xml:36:13-84
201            android:enabled="true"
201-->[com.google.android.gms:play-services-measurement:18.0.3] AndroidManifest.xml:37:13-35
202            android:exported="false" />
202-->[com.google.android.gms:play-services-measurement:18.0.3] AndroidManifest.xml:38:13-37
203        <service
203-->[com.google.android.gms:play-services-measurement:18.0.3] AndroidManifest.xml:39:9-43:72
204            android:name="com.google.android.gms.measurement.AppMeasurementJobService"
204-->[com.google.android.gms:play-services-measurement:18.0.3] AndroidManifest.xml:40:13-87
205            android:enabled="true"
205-->[com.google.android.gms:play-services-measurement:18.0.3] AndroidManifest.xml:41:13-35
206            android:exported="false"
206-->[com.google.android.gms:play-services-measurement:18.0.3] AndroidManifest.xml:42:13-37
207            android:permission="android.permission.BIND_JOB_SERVICE" />
207-->[com.google.android.gms:play-services-measurement:18.0.3] AndroidManifest.xml:43:13-69
208
209        <meta-data
209-->[com.google.android.gms:play-services-basement:17.1.0] AndroidManifest.xml:23:9-25:69
210            android:name="com.google.android.gms.version"
210-->[com.google.android.gms:play-services-basement:17.1.0] AndroidManifest.xml:24:13-58
211            android:value="@integer/google_play_services_version" />
211-->[com.google.android.gms:play-services-basement:17.1.0] AndroidManifest.xml:25:13-66
212
213        <provider
213-->[androidx.lifecycle:lifecycle-process:2.2.0] AndroidManifest.xml:25:9-29:43
214            android:name="androidx.lifecycle.ProcessLifecycleOwnerInitializer"
214-->[androidx.lifecycle:lifecycle-process:2.2.0] AndroidManifest.xml:26:13-79
215            android:authorities="com.example.bookcave.lifecycle-process"
215-->[androidx.lifecycle:lifecycle-process:2.2.0] AndroidManifest.xml:27:13-69
216            android:exported="false"
216-->[androidx.lifecycle:lifecycle-process:2.2.0] AndroidManifest.xml:28:13-37
217            android:multiprocess="true" />
217-->[androidx.lifecycle:lifecycle-process:2.2.0] AndroidManifest.xml:29:13-40
218        <provider
218-->[com.squareup.picasso:picasso:2.71828] AndroidManifest.xml:8:9-11:40
219            android:name="com.squareup.picasso.PicassoProvider"
219-->[com.squareup.picasso:picasso:2.71828] AndroidManifest.xml:9:13-64
220            android:authorities="com.example.bookcave.com.squareup.picasso"
220-->[com.squareup.picasso:picasso:2.71828] AndroidManifest.xml:10:13-72
221            android:exported="false" />
221-->[com.squareup.picasso:picasso:2.71828] AndroidManifest.xml:11:13-37
222    </application>
223
224</manifest>